[2/3992] ❌ Failed: metrofax.doc
[23/3992] ❌ Failed: TheG0df2ther@Emotet.doc
[25/3992] ❌ Failed: Zloader.xlsm
[34/3992] ❌ Failed: PCToaster.exe
[43/3992] ❌ Failed: MrsMajor2.0.exe
[60/3992] ❌ Failed: Frankenstein.doc
[66/3992] ❌ Failed: NetWire.doc
[70/3992] ❌ Failed: CobaltStrike.doc
[73/3992] ❌ Failed: Adwind.exe
[82/3992] ❌ Failed: CodeRed.a.exe
[134/3992] ❌ Failed: Kakwa.doc
[215/3992] ❌ Failed: lsass.exe
[333/3992] ❌ Failed: Project-servidor.exe
[338/3992] ❌ Failed: Dioxis 5.3 for dummies.doc
[340/3992] ❌ Failed: Project-cliente.exe
[342/3992] ❌ Failed: Project-servidor.exe
[384/3992] ❌ Failed: rathelp.pdf
[426/3992] ❌ Failed: upx.exe
[494/3992] ❌ Failed: Readme.doc
[542/3992] ❌ Failed: stub.exe
[950/3992] ❌ Failed: ReadMe.doc
[954/3992] ❌ Failed: ReadMe.doc
[1033/3992] ❌ Failed: MofoTro_help.pdf
[1125/3992] ❌ Failed: manual_en.pdf
[1128/3992] ❌ Failed: upx.doc
[1282/3992] ❌ Failed: d.exe
[1341/3992] ❌ Failed: win32cfg.exe
[1552/3992] ❌ Failed: OptixPRO Tutorial german.pdf
[1557/3992] ❌ Failed: OptixPRO Tutorial german.pdf
[1616/3992] ❌ Failed: upx.exe
[1680/3992] ❌ Failed: HelioS-Trojan-Readme.doc
[1686/3992] ❌ Failed: HelioS-Trojan-Readme.doc
[1691/3992] ❌ Failed: HelioS-Trojan-Readme.doc
[1695/3992] ❌ Failed: HelioS-Trojan-Readme.doc
[1700/3992] ❌ Failed: HelioS-Trojan-Readme.doc
[1708/3992] ❌ Failed: PI2.2.0.pdf
[1711/3992] ❌ Failed: PI2.3.1.pdf
[1716/3992] ❌ Failed: PI2.1.0.pdf
[1719/3992] ❌ Failed: PI2.3.0.pdf
[1723/3992] ❌ Failed: PI2.pdf
[1725/3992] ❌ Failed: PI2.3.2.pdf
[1737/3992] ❌ Failed: upx.exe
[1763/3992] ❌ Failed: Desclaimer.doc
[1925/3992] ❌ Failed: upx.doc
[2002/3992] ❌ Failed: Disclaimer.pdf
[2005/3992] ❌ Failed: File_Info.pdf
[2007/3992] ❌ Failed: Visual_Tut.pdf
[2276/3992] ❌ Failed: Zer0Day2_Docs.pdf
[2461/3992] ❌ Failed: __ HOW 2 USE SCRIPTS __.doc
[2541/3992] ❌ Failed: Netministrator.doc
