metrofax.doc
lol.html
README.md
idiot.png
index.html
you.js
README.md
Emotet.zip
Trojan.Dridex.A. dbf96ab40b728c12951d317642fbd9da
Dridex.JhiSharp.dll.9d75ff0e9447ceb89c90cca24a1dbec1
Zloader.xlsm
Mobile_Legends_Adventure.apk
L0Lz.bat
Carewmr.vbs
WindowsXPHorrorEdition.txt
PCToaster.exe
BonziKill.txt
MrsMajor2.0.7z
Bolbi.vbs
elite.apk
TrojanSpy.MacOS.XCSSET.A.6fa938770e83ef2e177e8adf4a2ea3d2d5b26107c30f9d85c3d1a557db2aed41
TrojanSpy.MacOS.XCSSET.A.ac3467a04eeb552d92651af1187bdc795100ea77a7a1ac755b4681c654b54692
TrojanSpy.MacOS.XCSSET.A.6614978ab256f922d7b6dbd7cc15c6136819f4bcfb5a0fead480561f0df54ca6
TrojanSpy.MacOS.XCSSET.A.d11a549e6bc913c78673f4e142e577f372311404766be8a3153792de9f00f6c1
DudleyTrojan.bat
vi4a.apk
mobelejen.apk
Malum.apk
Grave.apk
Offiz.js
Frankenstein.doc
NetWire.doc
CobaltStrike.doc
Adwind.exe
Sasser.c.sourcecode.txt
Blaser.C.sourcecode.txt
CodeRed.a.exe
Loveware.txt
BabylonToolbar.txt
dcom.c
SANS_ Malware FAQ_ What is W32_Blaster worm_.mht
HeadTail.vbs
GoldenEye.js
BonziBUDDY!!!!!!.txt
Kakwa.doc
pack-84e720579243f74fa0f2060edefd9217092370df.rev
pack-84e720579243f74fa0f2060edefd9217092370df.pack
pack-84e720579243f74fa0f2060edefd9217092370df.idx
HEAD
master
HEAD
HEAD
master
HEAD
description
push-to-checkout.sample
pre-rebase.sample
commit-msg.sample
pre-receive.sample
sendemail-validate.sample
pre-commit.sample
fsmonitor-watchman.sample
pre-applypatch.sample
applypatch-msg.sample
pre-merge-commit.sample
post-update.sample
prepare-commit-msg.sample
update.sample
pre-push.sample
packed-refs
exclude
index
config
Emin.js
NewLove.vbs
BubbleBoy.html
Jer.html
Pleh.vbs
ILOVEYOU.vbs
Scare.hta
San.html
MadMan.exe
Walker.com
Melissa.doc
